SF:lib\lottery.dart
DA:30,1
DA:33,1
DA:37,1
DA:44,1
DA:45,1
DA:46,1
DA:51,2
DA:53,2
DA:54,1
DA:55,6
DA:57,6
DA:59,2
DA:61,1
DA:63,1
DA:69,1
DA:71,2
DA:73,2
DA:74,2
DA:75,3
DA:78,2
DA:79,2
DA:80,3
DA:85,1
DA:86,2
DA:89,0
DA:90,0
DA:91,0
DA:92,0
DA:96,0
DA:98,0
DA:100,0
DA:101,0
DA:102,0
DA:103,0
DA:104,0
DA:109,1
DA:111,1
DA:112,2
DA:113,2
DA:114,1
DA:120,1
LF:41
LH:30
end_of_record
SF:lib\src\core\utils\csv_utils.dart
DA:4,1
DA:10,2
DA:12,1
DA:16,0
DA:19,0
DA:20,0
DA:21,0
LF:7
LH:3
end_of_record
SF:lib\src\models\grid_model\grid_model.dart
DA:13,0
DA:14,0
LF:2
LH:0
end_of_record
SF:lib\src\models\grid_model\grid_model.g.dart
DA:9,0
DA:10,0
DA:11,0
DA:12,0
DA:13,0
DA:14,0
DA:17,0
DA:18,0
DA:19,0
DA:20,0
LF:10
LH:0
end_of_record
SF:lib\src\view\screens\lottery_screen.dart
DA:13,0
DA:23,0
DA:25,0
DA:26,0
DA:27,0
DA:29,0
DA:31,0
DA:32,0
DA:34,0
DA:35,0
DA:36,0
DA:37,0
DA:38,0
DA:39,0
DA:42,0
DA:43,0
DA:44,0
DA:45,0
DA:46,0
DA:47,0
DA:59,0
DA:60,0
DA:61,0
DA:62,0
DA:63,0
DA:64,0
LF:26
LH:0
end_of_record
SF:lib\src\view\widgets\lottery_number_item.dart
DA:7,0
DA:17,0
DA:23,0
DA:25,0
DA:26,0
DA:28,0
DA:32,0
DA:34,0
DA:35,0
DA:36,0
DA:37,0
DA:39,0
LF:12
LH:0
end_of_record
SF:lib\src\view\widgets\lottery_outputs.dart
DA:14,0
DA:30,0
DA:37,0
DA:39,0
DA:40,0
DA:42,0
DA:43,0
DA:44,0
DA:45,0
DA:46,0
DA:47,0
DA:48,0
DA:51,0
DA:53,0
DA:54,0
DA:56,0
DA:57,0
DA:58,0
DA:59,0
DA:66,0
DA:67,0
DA:69,0
DA:72,0
DA:74,0
DA:76,0
DA:77,0
DA:80,0
DA:83,0
DA:104,0
DA:110,0
DA:112,0
DA:113,0
DA:114,0
DA:115,0
DA:116,0
DA:117,0
DA:119,0
DA:120,0
DA:121,0
DA:123,0
DA:125,0
DA:127,0
DA:129,0
DA:130,0
DA:131,0
DA:132,0
DA:133,0
DA:139,0
DA:140,0
DA:141,0
DA:142,0
DA:143,0
DA:144,0
DA:158,0
DA:159,0
DA:160,0
DA:161,0
DA:163,0
DA:164,0
LF:59
LH:0
end_of_record
SF:lib\src\view\widgets\lottery_random_pick.dart
DA:10,0
DA:18,0
DA:19,0
DA:27,0
DA:28,0
DA:30,0
DA:31,0
DA:32,0
DA:34,0
DA:37,0
DA:38,0
DA:40,0
DA:47,0
DA:49,0
DA:50,0
DA:52,0
DA:54,0
DA:55,0
DA:56,0
DA:57,0
DA:58,0
DA:59,0
DA:61,0
DA:62,0
DA:63,0
DA:64,0
DA:69,0
DA:70,0
DA:72,0
DA:73,0
DA:74,0
DA:75,0
LF:32
LH:0
end_of_record
