SF:lib\lottery.dart
DA:30,1
DA:33,1
DA:47,1
DA:54,1
DA:55,1
DA:56,1
DA:58,2
DA:60,2
DA:61,1
DA:62,5
DA:64,4
DA:65,1
DA:67,1
DA:68,1
DA:69,1
DA:72,2
DA:74,1
DA:76,1
DA:82,1
DA:85,2
DA:87,2
DA:88,2
DA:89,3
DA:92,2
DA:93,2
DA:94,3
DA:103,1
DA:104,4
DA:109,0
DA:110,0
DA:111,0
DA:112,0
DA:116,0
DA:119,0
DA:121,0
DA:122,0
DA:123,0
DA:124,0
DA:125,0
DA:141,1
DA:144,1
DA:145,2
DA:146,2
DA:147,1
DA:153,1
LF:45
LH:34
end_of_record
SF:lib\src\core\utils\csv_utils.dart
DA:4,1
DA:8,2
DA:11,2
DA:12,1
DA:13,1
DA:14,2
DA:19,1
LF:7
LH:7
end_of_record
SF:lib\src\models\grid_model\grid_model.dart
DA:9,3
DA:17,0
DA:18,0
DA:20,2
DA:22,2
DA:23,6
DA:24,6
DA:27,0
DA:29,0
LF:9
LH:5
end_of_record
SF:lib\src\models\grid_model\grid_model.g.dart
DA:9,0
DA:10,0
DA:11,0
DA:12,0
DA:13,0
DA:14,0
DA:15,0
DA:18,0
DA:19,0
DA:20,0
DA:21,0
DA:22,0
LF:12
LH:0
end_of_record
SF:lib\src\view\screens\lottery_screen.dart
DA:27,0
DA:38,0
DA:40,0
DA:41,0
DA:42,0
DA:44,0
DA:46,0
DA:47,0
DA:49,0
DA:50,0
DA:51,0
DA:52,0
DA:53,0
DA:54,0
DA:57,0
DA:58,0
DA:60,0
DA:61,0
DA:62,0
DA:63,0
DA:64,0
DA:65,0
DA:78,0
DA:79,0
DA:80,0
DA:81,0
DA:82,0
DA:83,0
LF:28
LH:0
end_of_record
SF:lib\src\view\widgets\lottery_number_item.dart
DA:8,0
DA:18,0
DA:24,0
DA:26,0
DA:27,0
DA:29,0
DA:33,0
DA:35,0
DA:36,0
DA:37,0
DA:38,0
DA:40,0
LF:12
LH:0
end_of_record
SF:lib\src\view\widgets\lottery_outputs.dart
DA:28,0
DA:52,0
DA:59,0
DA:61,0
DA:62,0
DA:64,0
DA:65,0
DA:66,0
DA:67,0
DA:68,0
DA:69,0
DA:70,0
DA:73,0
DA:75,0
DA:76,0
DA:78,0
DA:79,0
DA:80,0
DA:81,0
DA:88,0
DA:89,0
DA:91,0
DA:94,0
DA:96,0
DA:98,0
DA:99,0
DA:102,0
DA:105,0
DA:126,0
DA:132,0
DA:134,0
DA:135,0
DA:136,0
DA:137,0
DA:138,0
DA:139,0
DA:141,0
DA:142,0
DA:143,0
DA:145,0
DA:147,0
DA:149,0
DA:151,0
DA:152,0
DA:153,0
DA:154,0
DA:155,0
DA:161,0
DA:162,0
DA:163,0
DA:164,0
DA:165,0
DA:166,0
DA:181,0
DA:182,0
DA:183,0
DA:184,0
DA:186,0
DA:187,0
LF:59
LH:0
end_of_record
SF:lib\src\view\widgets\lottery_random_pick.dart
DA:20,0
DA:29,0
DA:30,0
DA:38,0
DA:39,0
DA:41,0
DA:42,0
DA:43,0
DA:45,0
DA:48,0
DA:49,0
DA:51,0
DA:58,0
DA:60,0
DA:61,0
DA:62,0
DA:64,0
DA:66,0
DA:67,0
DA:68,0
DA:69,0
DA:70,0
DA:71,0
DA:73,0
DA:74,0
DA:75,0
DA:76,0
DA:81,0
DA:82,0
DA:84,0
DA:85,0
DA:86,0
DA:87,0
DA:89,0
DA:90,0
LF:35
LH:0
end_of_record
